[com.Mohs10.utility.Log.info(Log.java:23)evel] 2023-06-26 04:35:27.457 [main] Log - This is before test methodsg
[com.Mohs10.utility.Log.info(Log.java:23)evel] 2023-06-26 04:35:36.971 [main] Log - This is After Suite Methodsg
[com.Mohs10.utility.Log.info(Log.java:23)evel] 2023-06-26 04:52:18.858 [main] Log - This is before test methodsg
[com.Mohs10.utility.Log.info(Log.java:23)evel] 2023-06-26 04:52:27.662 [main] Log - This is After Suite Methodsg
[com.Mohs10.utility.Log.info(Log.java:23)evel] 2023-06-26 04:56:36.559 [main] Log - This is before test methodsg
[com.Mohs10.utility.Log.info(Log.java:23)evel] 2023-06-26 04:56:45.818 [main] Log - This is After Suite Methodsg
[com.Mohs10.utility.Log.info(Log.java:23)evel] 2023-06-26 05:05:49.956 [main] Log - This is before test methodsg
[com.Mohs10.utility.Log.startTestCase(Log.java:12)evel] 2023-06-26 05:05:56.130 [main] Log - =====================================---------------------------------Positive Login Test Case--------------------------------- TEST START=========================================sg
[com.Mohs10.utility.Log.info(Log.java:23)evel] 2023-06-26 05:05:56.131 [main] Log - -----------This TC Will login with correct crendentials-----------sg
[com.Mohs10.utility.Log.endTestCase(Log.java:16)evel] 2023-06-26 05:06:18.617 [main] Log - =====================================---------------------------------End of Positive Login Test Case--------------------------------- TEST END=========================================sg
[com.Mohs10.utility.Log.info(Log.java:23)evel] 2023-06-26 05:06:33.279 [main] Log - This is After Suite Methodsg
[com.Mohs10.utility.Log.info(Log.java:23)evel] 2023-06-26 05:18:51.544 [main] Log - This is before test methodsg
[com.Mohs10.utility.Log.startTestCase(Log.java:12)evel] 2023-06-26 05:18:57.135 [main] Log - =====================================---------------------------------Positive Login Test Case--------------------------------- TEST START=========================================sg
[com.Mohs10.utility.Log.info(Log.java:23)evel] 2023-06-26 05:18:57.136 [main] Log - -----------This TC Will login with correct credentials-----------sg
[com.Mohs10.utility.Log.endTestCase(Log.java:16)evel] 2023-06-26 05:19:10.497 [main] Log - =====================================---------------------------------End of Positive Login Test Case--------------------------------- TEST END=========================================sg
[com.Mohs10.utility.Log.info(Log.java:23)evel] 2023-06-26 05:20:15.195 [main] Log - This is After Suite Methodsg
[com.Mohs10.utility.Log.info(Log.java:23)evel] 2023-06-26 18:29:29.459 [main] Log - This is before test methodsg
[com.Mohs10.utility.Log.info(Log.java:23)evel] 2023-06-26 18:29:52.720 [main] Log - This is After Suite Methodsg
[com.Mohs10.utility.Log.info(Log.java:23)evel] 2023-06-27 22:55:14.394 [main] Log - This is before test methodsg
[com.Mohs10.utility.Log.info(Log.java:23)evel] 2023-06-27 22:57:05.105 [main] Log - This is before test methodsg
[com.Mohs10.utility.Log.info(Log.java:23)evel] 2023-06-27 22:58:42.445 [main] Log - This is before test methodsg
[com.Mohs10.utility.Log.startTestCase(Log.java:12)evel] 2023-06-27 22:58:50.571 [main] Log - =====================================---------------------------------Positive Login Test Case--------------------------------- TEST START=========================================sg
[com.Mohs10.utility.Log.info(Log.java:23)evel] 2023-06-27 22:58:50.572 [main] Log - -----------This TC Will login with correct credentials-----------sg
[com.Mohs10.utility.Log.endTestCase(Log.java:16)evel] 2023-06-27 22:59:05.760 [main] Log - =====================================---------------------------------End of Positive Login Test Case--------------------------------- TEST END=========================================sg
[com.Mohs10.utility.Log.info(Log.java:23)evel] 2023-06-27 23:09:48.567 [main] Log - This is before test methodsg
[com.Mohs10.utility.Log.startTestCase(Log.java:12)evel] 2023-06-27 23:09:53.746 [main] Log - =====================================---------------------------------Positive Login Test Case--------------------------------- TEST START=========================================sg
[com.Mohs10.utility.Log.info(Log.java:23)evel] 2023-06-27 23:09:53.747 [main] Log - -----------This TC Will login with correct credentials-----------sg
[com.Mohs10.utility.Log.endTestCase(Log.java:16)evel] 2023-06-27 23:10:07.201 [main] Log - =====================================---------------------------------End of Positive Login Test Case--------------------------------- TEST END=========================================sg
[com.Mohs10.utility.Log.info(Log.java:23)evel] 2023-06-27 23:13:21.649 [main] Log - This is before test methodsg
[com.Mohs10.utility.Log.info(Log.java:23)evel] 2023-06-30 11:22:29.923 [main] Log - This is before test methodsg
[com.Mohs10.utility.Log.startTestCase(Log.java:12)evel] 2023-06-30 11:22:40.971 [main] Log - =====================================---------------------------------Positive Login Test Case--------------------------------- TEST START=========================================sg
[com.Mohs10.utility.Log.info(Log.java:23)evel] 2023-06-30 11:22:40.972 [main] Log - -----------This TC Will login with correct credentials-----------sg
[com.Mohs10.utility.Log.endTestCase(Log.java:16)evel] 2023-06-30 11:22:56.486 [main] Log - =====================================---------------------------------End of Positive Login Test Case--------------------------------- TEST END=========================================sg
[com.Mohs10.utility.Log.info(Log.java:23)evel] 2023-06-30 11:33:37.392 [main] Log - This is After Suite Methodsg
[com.Mohs10.utility.Log.info(Log.java:23)evel] 2023-07-03 11:57:40.787 [main] Log - This is before test methodsg
[com.Mohs10.utility.Log.startTestCase(Log.java:12)evel] 2023-07-03 11:57:49.575 [main] Log - =====================================---------------------------------Positive Login Test Case--------------------------------- TEST START=========================================sg
[com.Mohs10.utility.Log.info(Log.java:23)evel] 2023-07-03 11:57:49.575 [main] Log - -----------This TC Will login with correct credentials-----------sg
[com.Mohs10.utility.Log.endTestCase(Log.java:16)evel] 2023-07-03 11:58:05.707 [main] Log - =====================================---------------------------------End of Positive Login Test Case--------------------------------- TEST END=========================================sg
[com.Mohs10.utility.Log.info(Log.java:23)evel] 2023-07-03 12:08:40.979 [main] Log - This is After Suite Methodsg
[com.Mohs10.utility.Log.info(Log.java:23)evel] 2023-07-03 19:26:26.672 [main] Log - This is before test methodsg
[com.Mohs10.utility.Log.info(Log.java:23)evel] 2023-07-03 19:26:27.541 [main] Log - This is After Suite Methodsg
[com.Mohs10.utility.Log.info(Log.java:23)evel] 2023-07-03 19:51:56.244 [main] Log - This is before test methodsg
[com.Mohs10.utility.Log.info(Log.java:23)evel] 2023-07-03 19:52:16.784 [main] Log - This is After Suite Methodsg
[com.Mohs10.utility.Log.info(Log.java:23)evel] 2023-07-03 19:56:19.278 [main] Log - This is before test methodsg
[com.Mohs10.utility.Log.info(Log.java:23)evel] 2023-07-03 19:56:35.457 [main] Log - This is After Suite Methodsg
[com.Mohs10.utility.Log.info(Log.java:23)evel] 2023-07-03 20:02:27.846 [main] Log - This is before test methodsg
[com.Mohs10.utility.Log.info(Log.java:23)evel] 2023-07-03 20:02:28.717 [main] Log - This is After Suite Methodsg
[com.Mohs10.utility.Log.info(Log.java:23)evel] 2023-07-03 20:02:46.050 [main] Log - This is before test methodsg
[com.Mohs10.utility.Log.info(Log.java:23)evel] 2023-07-03 20:03:02.211 [main] Log - This is After Suite Methodsg
[com.Mohs10.utility.Log.info(Log.java:23)evel] 2023-07-05 10:40:53.787 [main] Log - This is before test methodsg
[com.Mohs10.utility.Log.startTestCase(Log.java:12)evel] 2023-07-05 10:41:03.572 [main] Log - =====================================---------------------------------Positive Login Test Case--------------------------------- TEST START=========================================sg
[com.Mohs10.utility.Log.info(Log.java:23)evel] 2023-07-05 10:41:03.573 [main] Log - -----------This TC Will login with correct credentials-----------sg
[com.Mohs10.utility.Log.endTestCase(Log.java:16)evel] 2023-07-05 10:41:20.486 [main] Log - =====================================---------------------------------End of Positive Login Test Case--------------------------------- TEST END=========================================sg
[com.Mohs10.utility.Log.info(Log.java:23)evel] 2023-07-05 10:52:30.587 [main] Log - This is After Suite Methodsg
[com.Mohs10.utility.Log.info(Log.java:23)evel] 2023-07-06 14:34:32.417 [main] Log - This is before test methodsg
[com.Mohs10.utility.Log.info(Log.java:23)evel] 2023-07-06 14:34:51.914 [main] Log - This is After Suite Methodsg
[com.Mohs10.utility.Log.info(Log.java:23)evel] 2023-07-06 15:17:15.256 [main] Log - This is before test methodsg
[com.Mohs10.utility.Log.info(Log.java:23)evel] 2023-07-06 15:26:29.026 [main] Log - This is After Suite Methodsg
[com.Mohs10.utility.Log.info(Log.java:23)evel] 2023-07-06 18:54:34.023 [main] Log - This is before test methodsg
[com.Mohs10.utility.Log.info(Log.java:23)evel] 2023-07-06 18:56:58.760 [main] Log - This is before test methodsg
[com.Mohs10.utility.Log.info(Log.java:23)evel] 2023-07-06 19:03:55.622 [main] Log - This is before test methodsg
[com.Mohs10.utility.Log.info(Log.java:23)evel] 2023-07-06 19:07:12.874 [main] Log - This is before test methodsg
[com.Mohs10.utility.Log.info(Log.java:23)evel] 2023-07-06 19:10:17.606 [main] Log - This is before test methodsg
[com.Mohs10.utility.Log.startTestCase(Log.java:12)evel] 2023-07-06 19:10:24.933 [main] Log - =====================================---------------------------------Positive Login Test Case--------------------------------- TEST START=========================================sg
[com.Mohs10.utility.Log.info(Log.java:23)evel] 2023-07-06 19:10:24.935 [main] Log - -----------This TC Will login with correct credentials-----------sg
[com.Mohs10.utility.Log.endTestCase(Log.java:16)evel] 2023-07-06 19:10:38.831 [main] Log - =====================================---------------------------------End of Positive Login Test Case--------------------------------- TEST END=========================================sg
[com.Mohs10.utility.Log.info(Log.java:23)evel] 2023-07-06 19:14:35.875 [main] Log - This is After Suite Methodsg
[com.Mohs10.utility.Log.info(Log.java:23)evel] 2023-07-06 19:59:18.116 [main] Log - This is before test methodsg
[com.Mohs10.utility.Log.info(Log.java:23)evel] 2023-07-06 20:05:30.017 [main] Log - This is After Suite Methodsg
[com.Mohs10.utility.Log.info(Log.java:23)evel] 2023-07-06 20:09:25.534 [main] Log - This is before test methodsg
[com.Mohs10.utility.Log.info(Log.java:23)evel] 2023-07-06 20:09:26.461 [main] Log - This is After Suite Methodsg
[com.Mohs10.utility.Log.info(Log.java:23)evel] 2023-07-06 20:22:37.230 [main] Log - This is before test methodsg
[com.Mohs10.utility.Log.info(Log.java:23)evel] 2023-07-06 20:23:06.320 [main] Log - This is After Suite Methodsg
[com.Mohs10.utility.Log.info(Log.java:23)evel] 2023-07-06 20:24:39.646 [main] Log - This is before test methodsg
[com.Mohs10.utility.Log.info(Log.java:23)evel] 2023-07-06 20:25:07.712 [main] Log - This is After Suite Methodsg
[com.Mohs10.utility.Log.info(Log.java:23)evel] 2023-07-06 20:34:16.825 [main] Log - This is before test methodsg
[com.Mohs10.utility.Log.startTestCase(Log.java:12)evel] 2023-07-06 20:34:22.560 [main] Log - =====================================---------------------------------Positive Login Test Case--------------------------------- TEST START=========================================sg
[com.Mohs10.utility.Log.info(Log.java:23)evel] 2023-07-06 20:34:22.560 [main] Log - -----------This TC Will login with correct credentials-----------sg
[com.Mohs10.utility.Log.endTestCase(Log.java:16)evel] 2023-07-06 20:34:38.076 [main] Log - =====================================---------------------------------End of Positive Login Test Case--------------------------------- TEST END=========================================sg
[com.Mohs10.utility.Log.info(Log.java:23)evel] 2023-07-06 20:35:45.390 [main] Log - This is After Suite Methodsg
[com.Mohs10.utility.Log.info(Log.java:23)evel] 2023-07-06 20:48:13.012 [main] Log - This is before test methodsg
[com.Mohs10.utility.Log.startTestCase(Log.java:12)evel] 2023-07-06 20:48:18.487 [main] Log - =====================================---------------------------------Positive Login Test Case--------------------------------- TEST START=========================================sg
[com.Mohs10.utility.Log.info(Log.java:23)evel] 2023-07-06 20:48:18.488 [main] Log - -----------This TC Will login with correct credentials-----------sg
[com.Mohs10.utility.Log.endTestCase(Log.java:16)evel] 2023-07-06 20:48:33.184 [main] Log - =====================================---------------------------------End of Positive Login Test Case--------------------------------- TEST END=========================================sg
[com.Mohs10.utility.Log.info(Log.java:23)evel] 2023-07-06 20:49:43.195 [main] Log - This is After Suite Methodsg
[com.Mohs10.utility.Log.info(Log.java:23)evel] 2023-07-06 20:51:02.361 [main] Log - This is before test methodsg
[com.Mohs10.utility.Log.startTestCase(Log.java:12)evel] 2023-07-06 20:51:07.724 [main] Log - =====================================---------------------------------Positive Login Test Case--------------------------------- TEST START=========================================sg
[com.Mohs10.utility.Log.info(Log.java:23)evel] 2023-07-06 20:51:07.725 [main] Log - -----------This TC Will login with correct credentials-----------sg
[com.Mohs10.utility.Log.endTestCase(Log.java:16)evel] 2023-07-06 20:51:21.742 [main] Log - =====================================---------------------------------End of Positive Login Test Case--------------------------------- TEST END=========================================sg
[com.Mohs10.utility.Log.info(Log.java:23)evel] 2023-07-06 20:52:31.852 [main] Log - This is After Suite Methodsg
[com.Mohs10.utility.Log.info(Log.java:23)evel] 2023-07-06 21:08:21.348 [main] Log - This is before test methodsg
[com.Mohs10.utility.Log.startTestCase(Log.java:12)evel] 2023-07-06 21:08:27.110 [main] Log - =====================================---------------------------------Positive Login Test Case--------------------------------- TEST START=========================================sg
[com.Mohs10.utility.Log.info(Log.java:23)evel] 2023-07-06 21:08:27.111 [main] Log - -----------This TC Will login with correct credentials-----------sg
[com.Mohs10.utility.Log.endTestCase(Log.java:16)evel] 2023-07-06 21:08:42.362 [main] Log - =====================================---------------------------------End of Positive Login Test Case--------------------------------- TEST END=========================================sg
[com.Mohs10.utility.Log.info(Log.java:23)evel] 2023-07-06 21:28:41.874 [main] Log - This is After Suite Methodsg
[com.Mohs10.utility.Log.info(Log.java:23)evel] 2023-07-06 23:43:53.907 [main] Log - This is before test methodsg
[com.Mohs10.utility.Log.startTestCase(Log.java:12)evel] 2023-07-06 23:44:01.761 [main] Log - =====================================---------------------------------Positive Login Test Case--------------------------------- TEST START=========================================sg
[com.Mohs10.utility.Log.info(Log.java:23)evel] 2023-07-06 23:44:01.762 [main] Log - -----------This TC Will login with correct credentials-----------sg
[com.Mohs10.utility.Log.endTestCase(Log.java:16)evel] 2023-07-06 23:44:17.342 [main] Log - =====================================---------------------------------End of Positive Login Test Case--------------------------------- TEST END=========================================sg
[com.Mohs10.utility.Log.info(Log.java:23)evel] 2023-07-07 00:04:15.340 [main] Log - This is After Suite Methodsg
[com.Mohs10.utility.Log.info(Log.java:23)evel] 2023-07-07 00:14:42.300 [main] Log - This is before test methodsg
[com.Mohs10.utility.Log.startTestCase(Log.java:12)evel] 2023-07-07 00:14:47.772 [main] Log - =====================================---------------------------------Positive Login Test Case--------------------------------- TEST START=========================================sg
[com.Mohs10.utility.Log.info(Log.java:23)evel] 2023-07-07 00:14:47.773 [main] Log - -----------This TC Will login with correct credentials-----------sg
[com.Mohs10.utility.Log.info(Log.java:23)evel] 2023-07-07 00:32:29.261 [main] Log - This is before test methodsg
[com.Mohs10.utility.Log.startTestCase(Log.java:12)evel] 2023-07-07 00:32:34.120 [main] Log - =====================================---------------------------------Positive Login Test Case--------------------------------- TEST START=========================================sg
[com.Mohs10.utility.Log.info(Log.java:23)evel] 2023-07-07 00:32:34.121 [main] Log - -----------This TC Will login with correct credentials-----------sg
[com.Mohs10.utility.Log.endTestCase(Log.java:16)evel] 2023-07-07 00:32:47.003 [main] Log - =====================================---------------------------------End of Positive Login Test Case--------------------------------- TEST END=========================================sg
[com.Mohs10.utility.Log.info(Log.java:23)evel] 2023-07-07 00:39:16.527 [main] Log - This is before test methodsg
[com.Mohs10.utility.Log.startTestCase(Log.java:12)evel] 2023-07-07 00:39:21.136 [main] Log - =====================================---------------------------------Positive Login Test Case--------------------------------- TEST START=========================================sg
[com.Mohs10.utility.Log.info(Log.java:23)evel] 2023-07-07 00:39:21.137 [main] Log - -----------This TC Will login with correct credentials-----------sg
[com.Mohs10.utility.Log.endTestCase(Log.java:16)evel] 2023-07-07 00:39:34.381 [main] Log - =====================================---------------------------------End of Positive Login Test Case--------------------------------- TEST END=========================================sg
[com.Mohs10.utility.Log.info(Log.java:23)evel] 2023-07-07 00:58:54.332 [main] Log - This is After Suite Methodsg
[com.Mohs10.utility.Log.info(Log.java:23)evel] 2023-07-07 01:12:48.826 [main] Log - This is before test methodsg
[com.Mohs10.utility.Log.startTestCase(Log.java:12)evel] 2023-07-07 01:12:54.774 [main] Log - =====================================---------------------------------Positive Login Test Case--------------------------------- TEST START=========================================sg
[com.Mohs10.utility.Log.info(Log.java:23)evel] 2023-07-07 01:12:54.774 [main] Log - -----------This TC Will login with correct credentials-----------sg
[com.Mohs10.utility.Log.info(Log.java:23)evel] 2023-07-07 01:16:07.660 [main] Log - This is before test methodsg
[com.Mohs10.utility.Log.info(Log.java:23)evel] 2023-07-07 01:17:34.473 [main] Log - This is before test methodsg
[com.Mohs10.utility.Log.startTestCase(Log.java:12)evel] 2023-07-07 01:17:39.425 [main] Log - =====================================---------------------------------Positive Login Test Case--------------------------------- TEST START=========================================sg
[com.Mohs10.utility.Log.info(Log.java:23)evel] 2023-07-07 01:17:39.426 [main] Log - -----------This TC Will login with correct credentials-----------sg
[com.Mohs10.utility.Log.endTestCase(Log.java:16)evel] 2023-07-07 01:17:51.939 [main] Log - =====================================---------------------------------End of Positive Login Test Case--------------------------------- TEST END=========================================sg
[com.Mohs10.utility.Log.info(Log.java:23)evel] 2023-07-07 01:25:40.527 [main] Log - This is before test methodsg
[com.Mohs10.utility.Log.startTestCase(Log.java:12)evel] 2023-07-07 01:25:45.949 [main] Log - =====================================---------------------------------Positive Login Test Case--------------------------------- TEST START=========================================sg
[com.Mohs10.utility.Log.info(Log.java:23)evel] 2023-07-07 01:25:45.950 [main] Log - -----------This TC Will login with correct credentials-----------sg
[com.Mohs10.utility.Log.endTestCase(Log.java:16)evel] 2023-07-07 01:26:00.152 [main] Log - =====================================---------------------------------End of Positive Login Test Case--------------------------------- TEST END=========================================sg
[com.Mohs10.utility.Log.info(Log.java:23)evel] 2023-07-07 01:37:16.161 [main] Log - This is After Suite Methodsg
[com.Mohs10.utility.Log.info(Log.java:23)evel] 2023-07-07 01:38:40.326 [main] Log - This is before test methodsg
[com.Mohs10.utility.Log.startTestCase(Log.java:12)evel] 2023-07-07 01:38:45.065 [main] Log - =====================================---------------------------------Positive Login Test Case--------------------------------- TEST START=========================================sg
[com.Mohs10.utility.Log.info(Log.java:23)evel] 2023-07-07 01:38:45.065 [main] Log - -----------This TC Will login with correct credentials-----------sg
[com.Mohs10.utility.Log.endTestCase(Log.java:16)evel] 2023-07-07 01:38:58.652 [main] Log - =====================================---------------------------------End of Positive Login Test Case--------------------------------- TEST END=========================================sg
[com.Mohs10.utility.Log.info(Log.java:23)evel] 2023-07-07 01:55:55.080 [main] Log - This is before test methodsg
[com.Mohs10.utility.Log.info(Log.java:23)evel] 2023-07-07 01:58:20.285 [main] Log - This is After Suite Methodsg
[com.Mohs10.utility.Log.info(Log.java:23)evel] 2023-07-07 02:14:20.937 [main] Log - This is After Suite Methodsg
[com.Mohs10.utility.Log.info(Log.java:23)evel] 2023-07-10 15:42:11.131 [main] Log - This is before test methodsg
[com.Mohs10.utility.Log.info(Log.java:23)evel] 2023-07-10 15:42:55.507 [main] Log - This is After Suite Methodsg
[com.Mohs10.utility.Log.info(Log.java:23)evel] 2023-07-10 17:22:05.997 [main] Log - This is before test methodsg
[com.Mohs10.utility.Log.info(Log.java:23)evel] 2023-07-10 17:40:31.014 [main] Log - This is After Suite Methodsg
[com.Mohs10.utility.Log.info(Log.java:23)evel] 2023-07-11 11:21:37.234 [main] Log - This is before test methodsg
[com.Mohs10.utility.Log.info(Log.java:23)evel] 2023-07-11 13:40:20.353 [main] Log - This is before test methodsg
[com.Mohs10.utility.Log.info(Log.java:23)evel] 2023-07-11 13:41:01.906 [main] Log - This is After Suite Methodsg
[com.Mohs10.utility.Log.info(Log.java:23)evel] 2023-07-11 13:42:32.055 [main] Log - This is before test methodsg
[com.Mohs10.utility.Log.info(Log.java:23)evel] 2023-07-11 13:44:58.672 [main] Log - This is before test methodsg
[com.Mohs10.utility.Log.startTestCase(Log.java:12)evel] 2023-07-11 13:45:10.526 [main] Log - =====================================---------------------------------Positive Login Test Case--------------------------------- TEST START=========================================sg
[com.Mohs10.utility.Log.info(Log.java:23)evel] 2023-07-11 13:45:10.527 [main] Log - -----------This TC Will login with correct credentials-----------sg
[com.Mohs10.utility.Log.endTestCase(Log.java:16)evel] 2023-07-11 13:45:25.216 [main] Log - =====================================---------------------------------End of Positive Login Test Case--------------------------------- TEST END=========================================sg
[com.Mohs10.utility.Log.info(Log.java:23)evel] 2023-07-11 13:55:47.781 [main] Log - This is After Suite Methodsg
[com.Mohs10.utility.Log.info(Log.java:23)evel] 2023-07-14 16:26:38.668 [main] Log - This is before test methodsg
[com.Mohs10.utility.Log.startTestCase(Log.java:12)evel] 2023-07-14 16:26:51.501 [main] Log - =====================================---------------------------------Positive Login Test Case--------------------------------- TEST START=========================================sg
[com.Mohs10.utility.Log.info(Log.java:23)evel] 2023-07-14 16:26:51.502 [main] Log - -----------This TC Will login with correct credentials-----------sg
[com.Mohs10.utility.Log.endTestCase(Log.java:16)evel] 2023-07-14 16:27:12.812 [main] Log - =====================================---------------------------------End of Positive Login Test Case--------------------------------- TEST END=========================================sg
[com.Mohs10.utility.Log.info(Log.java:23)evel] 2023-07-14 16:28:09.288 [main] Log - This is After Suite Methodsg
[com.Mohs10.utility.Log.info(Log.java:23)evel] 2023-07-14 16:37:08.576 [main] Log - This is before test methodsg
[com.Mohs10.utility.Log.info(Log.java:23)evel] 2023-07-14 16:37:11.106 [main] Log - This is After Suite Methodsg
[com.Mohs10.utility.Log.info(Log.java:23)evel] 2023-07-14 16:41:45.571 [main] Log - This is before test methodsg
[com.Mohs10.utility.Log.startTestCase(Log.java:12)evel] 2023-07-14 16:41:52.219 [main] Log - =====================================---------------------------------Positive Login Test Case--------------------------------- TEST START=========================================sg
[com.Mohs10.utility.Log.info(Log.java:23)evel] 2023-07-14 16:41:52.220 [main] Log - -----------This TC Will login with correct credentials-----------sg
[com.Mohs10.utility.Log.info(Log.java:23)evel] 2023-07-14 16:42:09.001 [main] Log - This is After Suite Methodsg
[com.Mohs10.utility.Log.info(Log.java:23)evel] 2023-07-14 16:56:19.476 [main] Log - This is before test methodsg
[com.Mohs10.utility.Log.startTestCase(Log.java:12)evel] 2023-07-14 16:56:26.303 [main] Log - =====================================---------------------------------Positive Login Test Case--------------------------------- TEST START=========================================sg
[com.Mohs10.utility.Log.info(Log.java:23)evel] 2023-07-14 16:56:26.304 [main] Log - -----------This TC Will login with correct credentials-----------sg
[com.Mohs10.utility.Log.info(Log.java:23)evel] 2023-07-14 17:07:13.622 [main] Log - This is before test methodsg
[com.Mohs10.utility.Log.startTestCase(Log.java:12)evel] 2023-07-14 17:07:20.047 [main] Log - =====================================---------------------------------Positive Login Test Case--------------------------------- TEST START=========================================sg
[com.Mohs10.utility.Log.info(Log.java:23)evel] 2023-07-14 17:07:20.048 [main] Log - -----------This TC Will login with correct credentials-----------sg
[com.Mohs10.utility.Log.info(Log.java:23)evel] 2023-07-14 17:08:07.084 [main] Log - This is before test methodsg
[com.Mohs10.utility.Log.startTestCase(Log.java:12)evel] 2023-07-14 17:08:13.265 [main] Log - =====================================---------------------------------Positive Login Test Case--------------------------------- TEST START=========================================sg
[com.Mohs10.utility.Log.info(Log.java:23)evel] 2023-07-14 17:08:13.265 [main] Log - -----------This TC Will login with correct credentials-----------sg
[com.Mohs10.utility.Log.info(Log.java:23)evel] 2023-07-14 17:08:39.728 [main] Log - This is After Suite Methodsg
[com.Mohs10.utility.Log.info(Log.java:23)evel] 2023-07-20 13:14:42.680 [main] Log - This is before test methodsg
[com.Mohs10.utility.Log.info(Log.java:23)evel] 2023-07-20 13:15:04.014 [main] Log - This is After Suite Methodsg
[com.Mohs10.utility.Log.info(Log.java:23)evel] 2023-07-20 13:16:01.946 [main] Log - This is before test methodsg
[com.Mohs10.utility.Log.info(Log.java:23)evel] 2023-07-20 13:16:08.073 [main] Log - This is After Suite Methodsg
[com.Mohs10.utility.Log.info(Log.java:23)evel] 2023-07-25 15:34:01.946 [main] Log - This is before test methodsg
[com.Mohs10.utility.Log.info(Log.java:23)evel] 2023-07-25 15:34:07.820 [main] Log - This is After Suite Methodsg
[com.Mohs10.utility.Log.info(Log.java:23)evel] 2023-08-08 16:27:07.698 [main] Log - This is before test methodsg
[com.Mohs10.utility.Log.info(Log.java:23)evel] 2023-08-08 16:30:34.035 [main] Log - This is before test methodsg
[com.Mohs10.utility.Log.info(Log.java:23)evel] 2023-08-08 16:39:49.884 [main] Log - This is After Suite Methodsg
[com.Mohs10.utility.Log.info(Log.java:23)evel] 2023-08-08 16:40:51.150 [main] Log - This is before test methodsg
[com.Mohs10.utility.Log.info(Log.java:23)evel] 2023-08-08 16:43:34.478 [main] Log - This is before test methodsg
[com.Mohs10.utility.Log.info(Log.java:23)evel] 2023-08-08 16:47:29.279 [main] Log - This is before test methodsg
[com.Mohs10.utility.Log.info(Log.java:23)evel] 2023-08-08 16:50:37.238 [main] Log - This is After Suite Methodsg
[com.Mohs10.utility.Log.info(Log.java:23)evel] 2023-08-08 16:55:28.899 [main] Log - This is before test methodsg
[com.Mohs10.utility.Log.info(Log.java:23)evel] 2023-08-08 16:56:09.416 [main] Log - This is before test methodsg
[com.Mohs10.utility.Log.info(Log.java:23)evel] 2023-08-08 16:56:30.224 [main] Log - This is before test methodsg
[com.Mohs10.utility.Log.info(Log.java:23)evel] 2023-08-08 16:59:33.242 [main] Log - This is After Suite Methodsg
[com.Mohs10.utility.Log.info(Log.java:23)evel] 2023-08-08 17:02:48.170 [main] Log - This is before test methodsg
[com.Mohs10.utility.Log.info(Log.java:23)evel] 2023-08-08 17:05:51.721 [main] Log - This is After Suite Methodsg
[com.Mohs10.utility.Log.info(Log.java:23)evel] 2023-08-08 17:16:06.415 [main] Log - This is before test methodsg
[com.Mohs10.utility.Log.info(Log.java:23)evel] 2023-08-08 17:16:09.319 [main] Log - This is After Suite Methodsg
[com.Mohs10.utility.Log.info(Log.java:23)evel] 2023-08-08 17:18:51.387 [main] Log - This is before test methodsg
[com.Mohs10.utility.Log.startTestCase(Log.java:12)evel] 2023-08-08 17:18:59.208 [main] Log - =====================================---------------------------------Positive Login Test Case--------------------------------- TEST START=========================================sg
[com.Mohs10.utility.Log.info(Log.java:23)evel] 2023-08-08 17:18:59.211 [main] Log - -----------This TC Will login with correct credentials-----------sg
[com.Mohs10.utility.Log.info(Log.java:23)evel] 2023-08-08 17:19:16.439 [main] Log - This is After Suite Methodsg
[com.Mohs10.utility.Log.info(Log.java:23)evel] 2023-08-08 17:23:06.181 [main] Log - This is before test methodsg
[com.Mohs10.utility.Log.startTestCase(Log.java:12)evel] 2023-08-08 17:23:11.420 [main] Log - =====================================---------------------------------Positive Login Test Case--------------------------------- TEST START=========================================sg
[com.Mohs10.utility.Log.info(Log.java:23)evel] 2023-08-08 17:23:11.421 [main] Log - -----------This TC Will login with correct credentials-----------sg
[com.Mohs10.utility.Log.startTestCase(Log.java:12)evel] 2023-08-08 17:23:42.008 [main] Log - =====================================---------------------------------Positive Login Test Case--------------------------------- TEST START=========================================sg
[com.Mohs10.utility.Log.info(Log.java:23)evel] 2023-08-08 17:23:42.009 [main] Log - -----------This TC Will login with correct credentials-----------sg
[com.Mohs10.utility.Log.startTestCase(Log.java:12)evel] 2023-08-08 17:24:37.384 [main] Log - =====================================---------------------------------Positive Login Test Case--------------------------------- TEST START=========================================sg
[com.Mohs10.utility.Log.info(Log.java:23)evel] 2023-08-08 17:24:37.388 [main] Log - -----------This TC Will login with correct credentials-----------sg
[com.Mohs10.utility.Log.info(Log.java:23)evel] 2023-08-08 17:25:05.803 [main] Log - This is After Suite Methodsg
[com.Mohs10.utility.Log.info(Log.java:23)evel] 2023-08-08 17:32:54.021 [main] Log - This is before test methodsg
[com.Mohs10.utility.Log.startTestCase(Log.java:12)evel] 2023-08-08 17:33:10.651 [main] Log - =====================================---------------------------------Positive Login Test Case--------------------------------- TEST START=========================================sg
[com.Mohs10.utility.Log.info(Log.java:23)evel] 2023-08-08 17:33:10.652 [main] Log - -----------This TC Will login with correct credentials-----------sg
[com.Mohs10.utility.Log.info(Log.java:23)evel] 2023-08-08 17:33:27.807 [main] Log - This is After Suite Methodsg
[com.Mohs10.utility.Log.info(Log.java:23)evel] 2023-08-08 17:35:17.022 [main] Log - This is before test methodsg
[com.Mohs10.utility.Log.startTestCase(Log.java:12)evel] 2023-08-08 17:35:21.875 [main] Log - =====================================---------------------------------Positive Login Test Case--------------------------------- TEST START=========================================sg
[com.Mohs10.utility.Log.info(Log.java:23)evel] 2023-08-08 17:35:21.878 [main] Log - -----------This TC Will login with correct credentials-----------sg
[com.Mohs10.utility.Log.info(Log.java:23)evel] 2023-08-08 17:35:37.024 [main] Log - This is After Suite Methodsg
[com.Mohs10.utility.Log.info(Log.java:23)evel] 2023-08-08 19:19:57.245 [main] Log - This is before test methodsg
[com.Mohs10.utility.Log.startTestCase(Log.java:12)evel] 2023-08-08 19:20:03.711 [main] Log - =====================================---------------------------------Positive Login Test Case--------------------------------- TEST START=========================================sg
[com.Mohs10.utility.Log.info(Log.java:23)evel] 2023-08-08 19:20:03.714 [main] Log - -----------This TC Will login with correct credentials-----------sg
[com.Mohs10.utility.Log.info(Log.java:23)evel] 2023-08-08 19:20:58.112 [main] Log - This is before test methodsg
[com.Mohs10.utility.Log.startTestCase(Log.java:12)evel] 2023-08-08 19:21:03.165 [main] Log - =====================================---------------------------------Positive Login Test Case--------------------------------- TEST START=========================================sg
[com.Mohs10.utility.Log.info(Log.java:23)evel] 2023-08-08 19:21:03.166 [main] Log - -----------This TC Will login with correct credentials-----------sg
[com.Mohs10.utility.Log.info(Log.java:23)evel] 2023-08-08 19:24:35.517 [main] Log - This is before test methodsg
[com.Mohs10.utility.Log.startTestCase(Log.java:12)evel] 2023-08-08 19:24:39.116 [main] Log - =====================================---------------------------------Positive Login Test Case--------------------------------- TEST START=========================================sg
[com.Mohs10.utility.Log.info(Log.java:23)evel] 2023-08-08 19:24:39.118 [main] Log - -----------This TC Will login with correct credentials-----------sg
[com.Mohs10.utility.Log.info(Log.java:23)evel] 2023-08-08 19:37:42.455 [main] Log - This is before test methodsg
[com.Mohs10.utility.Log.startTestCase(Log.java:12)evel] 2023-08-08 19:37:47.952 [main] Log - =====================================---------------------------------Positive Login Test Case--------------------------------- TEST START=========================================sg
[com.Mohs10.utility.Log.info(Log.java:23)evel] 2023-08-08 19:37:47.952 [main] Log - -----------This TC Will login with correct credentials-----------sg
[com.Mohs10.utility.Log.endTestCase(Log.java:16)evel] 2023-08-08 19:38:01.748 [main] Log - =====================================---------------------------------End of Positive Login Test Case--------------------------------- TEST END=========================================sg
[com.Mohs10.utility.Log.startTestCase(Log.java:12)evel] 2023-08-08 19:40:43.126 [main] Log - =====================================---------------------------------Positive Login Test Case--------------------------------- TEST START=========================================sg
[com.Mohs10.utility.Log.info(Log.java:23)evel] 2023-08-08 19:40:43.127 [main] Log - -----------This TC Will login with correct credentials-----------sg
[com.Mohs10.utility.Log.endTestCase(Log.java:16)evel] 2023-08-08 19:40:55.551 [main] Log - =====================================---------------------------------End of Positive Login Test Case--------------------------------- TEST END=========================================sg
[com.Mohs10.utility.Log.info(Log.java:23)evel] 2023-08-08 19:45:45.309 [main] Log - This is After Suite Methodsg
[com.Mohs10.utility.Log.info(Log.java:23)evel] 2023-08-09 17:50:48.781 [main] Log - This is before test methodsg
[com.Mohs10.utility.Log.startTestCase(Log.java:12)evel] 2023-08-09 17:50:54.516 [main] Log - =====================================---------------------------------Positive Login Test Case--------------------------------- TEST START=========================================sg
[com.Mohs10.utility.Log.info(Log.java:23)evel] 2023-08-09 17:50:54.517 [main] Log - -----------This TC Will login with correct credentials-----------sg
[com.Mohs10.utility.Log.endTestCase(Log.java:16)evel] 2023-08-09 17:51:09.985 [main] Log - =====================================---------------------------------End of Positive Login Test Case--------------------------------- TEST END=========================================sg
[com.Mohs10.utility.Log.startTestCase(Log.java:12)evel] 2023-08-09 17:52:04.809 [main] Log - =====================================---------------------------------Register Test Case with positive values--------------------------------- TEST START=========================================sg
[com.Mohs10.utility.Log.info(Log.java:23)evel] 2023-08-09 17:52:04.809 [main] Log - -----------This TC Will register with correct credentials-----------sg
[com.Mohs10.utility.Log.info(Log.java:23)evel] 2023-08-09 17:52:20.289 [main] Log - This is After Suite Methodsg
[com.Mohs10.utility.Log.info(Log.java:23)evel] 2023-08-09 18:19:33.927 [main] Log - This is before test methodsg
[com.Mohs10.utility.Log.startTestCase(Log.java:12)evel] 2023-08-09 18:19:38.010 [main] Log - =====================================---------------------------------Register Test Case with positive values--------------------------------- TEST START=========================================sg
[com.Mohs10.utility.Log.info(Log.java:23)evel] 2023-08-09 18:19:38.012 [main] Log - -----------This TC Will register with correct credentials-----------sg
[com.Mohs10.utility.Log.info(Log.java:23)evel] 2023-08-09 18:19:57.877 [main] Log - This is After Suite Methodsg
[com.Mohs10.utility.Log.info(Log.java:23)evel] 2023-08-09 18:34:49.475 [main] Log - This is before test methodsg
[com.Mohs10.utility.Log.startTestCase(Log.java:12)evel] 2023-08-09 18:34:52.955 [main] Log - =====================================---------------------------------Register Test Case with positive values--------------------------------- TEST START=========================================sg
[com.Mohs10.utility.Log.info(Log.java:23)evel] 2023-08-09 18:34:52.956 [main] Log - -----------This TC Will register with correct credentials-----------sg
[com.Mohs10.utility.Log.info(Log.java:23)evel] 2023-08-09 18:35:13.118 [main] Log - This is After Suite Methodsg
[com.Mohs10.utility.Log.info(Log.java:23)evel] 2023-08-09 18:36:16.144 [main] Log - This is before test methodsg
[com.Mohs10.utility.Log.startTestCase(Log.java:12)evel] 2023-08-09 18:36:19.922 [main] Log - =====================================---------------------------------Register Test Case with positive values--------------------------------- TEST START=========================================sg
[com.Mohs10.utility.Log.info(Log.java:23)evel] 2023-08-09 18:36:19.923 [main] Log - -----------This TC Will register with correct credentials-----------sg
[com.Mohs10.utility.Log.info(Log.java:23)evel] 2023-08-09 18:38:41.397 [main] Log - This is before test methodsg
[com.Mohs10.utility.Log.startTestCase(Log.java:12)evel] 2023-08-09 18:38:46.193 [main] Log - =====================================---------------------------------Register Test Case with positive values--------------------------------- TEST START=========================================sg
[com.Mohs10.utility.Log.info(Log.java:23)evel] 2023-08-09 18:38:46.194 [main] Log - -----------This TC Will register with correct credentials-----------sg
[com.Mohs10.utility.Log.info(Log.java:23)evel] 2023-08-09 19:22:07.035 [main] Log - This is before test methodsg
[com.Mohs10.utility.Log.startTestCase(Log.java:12)evel] 2023-08-09 19:22:11.988 [main] Log - =====================================---------------------------------Register Test Case with positive values--------------------------------- TEST START=========================================sg
[com.Mohs10.utility.Log.info(Log.java:23)evel] 2023-08-09 19:22:11.989 [main] Log - -----------This TC Will register with correct credentials-----------sg
[com.Mohs10.utility.Log.info(Log.java:23)evel] 2023-08-09 19:22:32.298 [main] Log - This is After Suite Methodsg
[com.Mohs10.utility.Log.info(Log.java:23)evel] 2023-08-09 19:23:46.260 [main] Log - This is before test methodsg
[com.Mohs10.utility.Log.startTestCase(Log.java:12)evel] 2023-08-09 19:23:50.789 [main] Log - =====================================---------------------------------Register Test Case with positive values--------------------------------- TEST START=========================================sg
[com.Mohs10.utility.Log.info(Log.java:23)evel] 2023-08-09 19:23:50.790 [main] Log - -----------This TC Will register with correct credentials-----------sg
[com.Mohs10.utility.Log.endTestCase(Log.java:16)evel] 2023-08-09 19:24:08.266 [main] Log - =====================================---------------------------------End of Register Test Case with Positive values--------------------------------- TEST END=========================================sg
[com.Mohs10.utility.Log.info(Log.java:23)evel] 2023-08-09 19:24:09.422 [main] Log - This is After Suite Methodsg
[com.Mohs10.utility.Log.info(Log.java:23)evel] 2023-08-09 19:26:27.282 [main] Log - This is before test methodsg
[com.Mohs10.utility.Log.startTestCase(Log.java:12)evel] 2023-08-09 19:26:31.328 [main] Log - =====================================---------------------------------Positive Login Test Case--------------------------------- TEST START=========================================sg
[com.Mohs10.utility.Log.info(Log.java:23)evel] 2023-08-09 19:26:31.330 [main] Log - -----------This TC Will login with correct credentials-----------sg
[com.Mohs10.utility.Log.endTestCase(Log.java:16)evel] 2023-08-09 19:26:45.245 [main] Log - =====================================---------------------------------End of Positive Login Test Case--------------------------------- TEST END=========================================sg
[com.Mohs10.utility.Log.startTestCase(Log.java:12)evel] 2023-08-09 19:27:39.292 [main] Log - =====================================---------------------------------Register Test Case with positive values--------------------------------- TEST START=========================================sg
[com.Mohs10.utility.Log.info(Log.java:23)evel] 2023-08-09 19:27:39.292 [main] Log - -----------This TC Will register with correct credentials-----------sg
[com.Mohs10.utility.Log.info(Log.java:23)evel] 2023-08-09 19:27:58.645 [main] Log - This is After Suite Methodsg
[com.Mohs10.utility.Log.info(Log.java:23)evel] 2023-08-09 19:31:43.328 [main] Log - This is before test methodsg
[com.Mohs10.utility.Log.startTestCase(Log.java:12)evel] 2023-08-09 19:31:47.085 [main] Log - =====================================---------------------------------Positive Login Test Case--------------------------------- TEST START=========================================sg
[com.Mohs10.utility.Log.info(Log.java:23)evel] 2023-08-09 19:31:47.085 [main] Log - -----------This TC Will login with correct credentials-----------sg
[com.Mohs10.utility.Log.endTestCase(Log.java:16)evel] 2023-08-09 19:32:01.174 [main] Log - =====================================---------------------------------End of Positive Login Test Case--------------------------------- TEST END=========================================sg
[com.Mohs10.utility.Log.startTestCase(Log.java:12)evel] 2023-08-09 19:32:54.789 [main] Log - =====================================---------------------------------Register Test Case with positive values--------------------------------- TEST START=========================================sg
[com.Mohs10.utility.Log.info(Log.java:23)evel] 2023-08-09 19:32:54.790 [main] Log - -----------This TC Will register with correct credentials-----------sg
[com.Mohs10.utility.Log.endTestCase(Log.java:16)evel] 2023-08-09 19:33:09.041 [main] Log - =====================================---------------------------------End of Register Test Case with Positive values--------------------------------- TEST END=========================================sg
[com.Mohs10.utility.Log.info(Log.java:23)evel] 2023-08-09 19:33:10.986 [main] Log - This is After Suite Methodsg
[com.Mohs10.utility.Log.info(Log.java:23)evel] 2023-08-09 19:44:49.731 [main] Log - This is before test methodsg
[com.Mohs10.utility.Log.info(Log.java:23)evel] 2023-08-09 19:44:50.726 [main] Log - This is After Suite Methodsg
[com.Mohs10.utility.Log.info(Log.java:23)evel] 2023-08-09 19:46:54.705 [main] Log - This is before test methodsg
[com.Mohs10.utility.Log.info(Log.java:23)evel] 2023-08-09 19:46:55.492 [main] Log - This is After Suite Methodsg
[com.Mohs10.utility.Log.info(Log.java:23)evel] 2023-08-09 19:47:08.427 [main] Log - This is before test methodsg
[com.Mohs10.utility.Log.info(Log.java:23)evel] 2023-08-09 19:47:09.266 [main] Log - This is After Suite Methodsg
[com.Mohs10.utility.Log.info(Log.java:23)evel] 2023-08-09 19:47:49.084 [main] Log - This is before test methodsg
[com.Mohs10.utility.Log.info(Log.java:23)evel] 2023-08-09 19:47:50.280 [main] Log - This is After Suite Methodsg
[com.Mohs10.utility.Log.info(Log.java:23)evel] 2023-08-09 19:49:52.802 [main] Log - This is before test methodsg
[com.Mohs10.utility.Log.startTestCase(Log.java:12)evel] 2023-08-09 19:49:57.245 [main] Log - =====================================---------------------------------Positive Login Test Case--------------------------------- TEST START=========================================sg
[com.Mohs10.utility.Log.info(Log.java:23)evel] 2023-08-09 19:49:57.245 [main] Log - -----------This TC Will login with correct credentials-----------sg
[com.Mohs10.utility.Log.endTestCase(Log.java:16)evel] 2023-08-09 19:50:10.852 [main] Log - =====================================---------------------------------End of Positive Login Test Case--------------------------------- TEST END=========================================sg
[com.Mohs10.utility.Log.startTestCase(Log.java:12)evel] 2023-08-09 19:51:05.453 [main] Log - =====================================---------------------------------Register Test Case with positive values--------------------------------- TEST START=========================================sg
[com.Mohs10.utility.Log.info(Log.java:23)evel] 2023-08-09 19:51:05.454 [main] Log - -----------This TC Will register with correct credentials-----------sg
[com.Mohs10.utility.Log.endTestCase(Log.java:16)evel] 2023-08-09 19:51:19.365 [main] Log - =====================================---------------------------------End of Register Test Case with Positive values--------------------------------- TEST END=========================================sg
[com.Mohs10.utility.Log.info(Log.java:23)evel] 2023-08-09 19:52:08.027 [main] Log - This is After Suite Methodsg
[com.Mohs10.utility.Log.info(Log.java:23)evel] 2023-08-09 19:55:58.290 [main] Log - This is before test methodsg
[com.Mohs10.utility.Log.info(Log.java:23)evel] 2023-08-09 19:55:59.659 [main] Log - This is After Suite Methodsg
[com.Mohs10.utility.Log.info(Log.java:23)evel] 2023-12-04 11:36:03.312 [main] Log - This is before test methodsg
[com.Mohs10.utility.Log.info(Log.java:23)evel] 2023-12-04 11:39:03.405 [main] Log - This is before test methodsg
[com.Mohs10.utility.Log.info(Log.java:23)evel] 2023-12-04 11:42:39.461 [main] Log - This is before test methodsg
[com.Mohs10.utility.Log.info(Log.java:23)evel] 2023-12-04 11:46:36.702 [main] Log - This is before test methodsg
[com.Mohs10.utility.Log.info(Log.java:23)evel] 2023-12-04 11:46:53.901 [main] Log - This is After Suite Methodsg
[com.Mohs10.utility.Log.info(Log.java:23)evel] 2023-12-04 12:02:29.627 [main] Log - This is before test methodsg
[com.Mohs10.utility.Log.startTestCase(Log.java:12)evel] 2023-12-04 12:02:37.785 [main] Log - =====================================---------------------------------Positive Login Test Case--------------------------------- TEST START=========================================sg
[com.Mohs10.utility.Log.info(Log.java:23)evel] 2023-12-04 12:02:37.785 [main] Log - -----------This TC Will login with correct credentials-----------sg
[com.Mohs10.utility.Log.endTestCase(Log.java:16)evel] 2023-12-04 12:02:51.648 [main] Log - =====================================---------------------------------End of Positive Login Test Case--------------------------------- TEST END=========================================sg
[com.Mohs10.utility.Log.info(Log.java:23)evel] 2023-12-04 12:04:15.683 [main] Log - This is After Suite Methodsg
[com.Mohs10.utility.Log.info(Log.java:23)evel] 2023-12-19 23:24:35.647 [main] Log - This is before test methodsg
[com.Mohs10.utility.Log.info(Log.java:23)evel] 2023-12-19 23:24:36.536 [main] Log - This is After Suite Methodsg
[com.Mohs10.utility.Log.info(Log.java:23)evel] 2023-12-19 23:33:52.900 [main] Log - This is before test methodsg
[com.Mohs10.utility.Log.info(Log.java:23)evel] 2023-12-19 23:33:53.621 [main] Log - This is After Suite Methodsg
[com.Mohs10.utility.Log.info(Log.java:23)evel] 2023-12-20 00:02:37.386 [main] Log - This is before test methodsg
[com.Mohs10.utility.Log.info(Log.java:23)evel] 2023-12-20 00:02:40.104 [main] Log - This is After Suite Methodsg
[com.Mohs10.utility.Log.info(Log.java:23)evel] 2023-12-20 00:14:45.957 [main] Log - This is before test methodsg
[com.Mohs10.utility.Log.info(Log.java:23)evel] 2023-12-20 00:14:48.094 [main] Log - This is After Suite Methodsg
[com.Mohs10.utility.Log.info(Log.java:23)evel] 2023-12-20 10:59:02.035 [main] Log - This is before test methodsg
[com.Mohs10.utility.Log.info(Log.java:23)evel] 2023-12-20 10:59:04.047 [main] Log - This is After Suite Methodsg
[com.Mohs10.utility.Log.info(Log.java:23)evel] 2023-12-20 11:39:10.535 [main] Log - This is before test methodsg
[com.Mohs10.utility.Log.info(Log.java:23)evel] 2023-12-20 11:39:18.554 [main] Log - This is After Suite Methodsg
[com.Mohs10.utility.Log.info(Log.java:23)evel] 2023-12-20 11:42:12.202 [main] Log - This is before test methodsg
[com.Mohs10.utility.Log.info(Log.java:23)evel] 2023-12-20 11:42:34.139 [main] Log - This is After Suite Methodsg
[com.Mohs10.utility.Log.info(Log.java:23)evel] 2023-12-20 11:45:11.236 [main] Log - This is before test methodsg
[com.Mohs10.utility.Log.info(Log.java:23)evel] 2023-12-20 11:45:22.968 [main] Log - This is After Suite Methodsg
[com.Mohs10.utility.Log.info(Log.java:23)evel] 2023-12-20 11:46:42.493 [main] Log - This is before test methodsg
[com.Mohs10.utility.Log.info(Log.java:23)evel] 2023-12-20 11:46:52.150 [main] Log - This is After Suite Methodsg
[com.Mohs10.utility.Log.info(Log.java:23)evel] 2023-12-20 11:47:34.036 [main] Log - This is before test methodsg
[com.Mohs10.utility.Log.info(Log.java:23)evel] 2023-12-20 11:47:44.027 [main] Log - This is After Suite Methodsg
[com.Mohs10.utility.Log.info(Log.java:23)evel] 2023-12-20 11:51:56.844 [main] Log - This is before test methodsg
[com.Mohs10.utility.Log.info(Log.java:23)evel] 2023-12-20 11:52:30.673 [main] Log - This is After Suite Methodsg
[com.Mohs10.utility.Log.info(Log.java:23)evel] 2023-12-20 11:56:11.279 [main] Log - This is before test methodsg
[com.Mohs10.utility.Log.info(Log.java:23)evel] 2023-12-20 11:56:44.331 [main] Log - This is After Suite Methodsg
[com.Mohs10.utility.Log.info(Log.java:23)evel] 2023-12-20 12:01:49.419 [main] Log - This is before test methodsg
[com.Mohs10.utility.Log.info(Log.java:23)evel] 2023-12-20 12:02:22.818 [main] Log - This is After Suite Methodsg
[com.Mohs10.utility.Log.info(Log.java:23)evel] 2023-12-20 13:22:47.532 [main] Log - This is before test methodsg
[com.Mohs10.utility.Log.info(Log.java:23)evel] 2023-12-20 13:23:09.900 [main] Log - This is After Suite Methodsg
[com.Mohs10.utility.Log.info(Log.java:23)evel] 2023-12-20 14:54:30.527 [main] Log - This is before test methodsg
[com.Mohs10.utility.Log.info(Log.java:23)evel] 2023-12-20 14:54:53.201 [main] Log - This is After Suite Methodsg
[com.Mohs10.utility.Log.info(Log.java:23)evel] 2023-12-20 14:57:53.908 [main] Log - This is before test methodsg
[com.Mohs10.utility.Log.info(Log.java:23)evel] 2023-12-20 14:58:21.955 [main] Log - This is After Suite Methodsg
[com.Mohs10.utility.Log.info(Log.java:23)evel] 2023-12-20 15:03:52.663 [main] Log - This is before test methodsg
[com.Mohs10.utility.Log.info(Log.java:23)evel] 2023-12-20 15:04:16.454 [main] Log - This is After Suite Methodsg
[com.Mohs10.utility.Log.info(Log.java:23)evel] 2023-12-20 15:05:26.495 [main] Log - This is before test methodsg
[com.Mohs10.utility.Log.info(Log.java:23)evel] 2023-12-20 15:05:57.556 [main] Log - This is After Suite Methodsg
[com.Mohs10.utility.Log.info(Log.java:23)evel] 2023-12-20 15:08:44.183 [main] Log - This is before test methodsg
[com.Mohs10.utility.Log.info(Log.java:23)evel] 2023-12-20 15:09:23.360 [main] Log - This is After Suite Methodsg
[com.Mohs10.utility.Log.info(Log.java:23)evel] 2023-12-20 15:10:34.925 [main] Log - This is before test methodsg
[com.Mohs10.utility.Log.info(Log.java:23)evel] 2023-12-20 15:10:59.056 [main] Log - This is After Suite Methodsg
[com.Mohs10.utility.Log.info(Log.java:23)evel] 2023-12-20 15:16:10.311 [main] Log - This is before test methodsg
[com.Mohs10.utility.Log.info(Log.java:23)evel] 2023-12-20 15:16:33.241 [main] Log - This is After Suite Methodsg
[com.Mohs10.utility.Log.info(Log.java:23)evel] 2023-12-20 15:19:44.571 [main] Log - This is before test methodsg
[com.Mohs10.utility.Log.info(Log.java:23)evel] 2023-12-20 15:20:02.738 [main] Log - This is After Suite Methodsg
[com.Mohs10.utility.Log.info(Log.java:23)evel] 2023-12-20 15:21:55.740 [main] Log - This is before test methodsg
[com.Mohs10.utility.Log.info(Log.java:23)evel] 2023-12-20 15:22:27.806 [main] Log - This is After Suite Methodsg
[com.Mohs10.utility.Log.info(Log.java:23)evel] 2023-12-20 15:29:26.167 [main] Log - This is before test methodsg
[com.Mohs10.utility.Log.info(Log.java:23)evel] 2023-12-20 15:29:45.720 [main] Log - This is After Suite Methodsg
[com.Mohs10.utility.Log.info(Log.java:23)evel] 2023-12-20 15:37:34.230 [main] Log - This is before test methodsg
[com.Mohs10.utility.Log.info(Log.java:23)evel] 2023-12-20 15:37:55.639 [main] Log - This is After Suite Methodsg
[com.Mohs10.utility.Log.info(Log.java:23)evel] 2023-12-20 15:41:45.695 [main] Log - This is before test methodsg
[com.Mohs10.utility.Log.info(Log.java:23)evel] 2023-12-20 15:42:01.865 [main] Log - This is After Suite Methodsg
[com.Mohs10.utility.Log.info(Log.java:23)evel] 2023-12-20 15:50:58.005 [main] Log - This is before test methodsg
[com.Mohs10.utility.Log.info(Log.java:23)evel] 2023-12-20 15:51:20.067 [main] Log - This is After Suite Methodsg
[com.Mohs10.utility.Log.info(Log.java:23)evel] 2023-12-20 16:13:48.598 [main] Log - This is before test methodsg
[com.Mohs10.utility.Log.info(Log.java:23)evel] 2023-12-20 16:14:22.844 [main] Log - This is After Suite Methodsg
[com.Mohs10.utility.Log.info(Log.java:23)evel] 2023-12-20 16:20:02.218 [main] Log - This is before test methodsg
[com.Mohs10.utility.Log.info(Log.java:23)evel] 2023-12-20 16:20:36.434 [main] Log - This is After Suite Methodsg
[com.Mohs10.utility.Log.info(Log.java:23)evel] 2023-12-20 16:23:44.376 [main] Log - This is before test methodsg
[com.Mohs10.utility.Log.info(Log.java:23)evel] 2023-12-20 16:24:07.952 [main] Log - This is After Suite Methodsg
[com.Mohs10.utility.Log.info(Log.java:23)evel] 2023-12-20 16:26:19.098 [main] Log - This is before test methodsg
[com.Mohs10.utility.Log.info(Log.java:23)evel] 2023-12-20 16:26:40.969 [main] Log - This is After Suite Methodsg
[com.Mohs10.utility.Log.info(Log.java:23)evel] 2023-12-20 16:27:30.062 [main] Log - This is before test methodsg
[com.Mohs10.utility.Log.info(Log.java:23)evel] 2023-12-20 16:28:02.729 [main] Log - This is After Suite Methodsg
[com.Mohs10.utility.Log.info(Log.java:23)evel] 2023-12-20 16:29:54.724 [main] Log - This is before test methodsg
[com.Mohs10.utility.Log.info(Log.java:23)evel] 2023-12-20 16:30:13.420 [main] Log - This is After Suite Methodsg
[com.Mohs10.utility.Log.info(Log.java:23)evel] 2023-12-20 16:34:33.426 [main] Log - This is before test methodsg
[com.Mohs10.utility.Log.info(Log.java:23)evel] 2023-12-20 16:35:12.137 [main] Log - This is After Suite Methodsg
[com.Mohs10.utility.Log.info(Log.java:23)evel] 2023-12-20 16:36:02.413 [main] Log - This is before test methodsg
[com.Mohs10.utility.Log.info(Log.java:23)evel] 2023-12-20 16:36:31.631 [main] Log - This is After Suite Methodsg
[com.Mohs10.utility.Log.info(Log.java:23)evel] 2023-12-20 17:03:20.640 [main] Log - This is before test methodsg
[com.Mohs10.utility.Log.info(Log.java:23)evel] 2023-12-20 17:03:49.663 [main] Log - This is After Suite Methodsg
[com.Mohs10.utility.Log.info(Log.java:23)evel] 2023-12-20 17:08:49.075 [main] Log - This is before test methodsg
[com.Mohs10.utility.Log.info(Log.java:23)evel] 2023-12-20 17:09:09.806 [main] Log - This is After Suite Methodsg
[com.Mohs10.utility.Log.info(Log.java:23)evel] 2023-12-20 17:17:56.330 [main] Log - This is before test methodsg
[com.Mohs10.utility.Log.info(Log.java:23)evel] 2023-12-20 17:18:15.072 [main] Log - This is After Suite Methodsg
[com.Mohs10.utility.Log.info(Log.java:23)evel] 2023-12-20 17:19:20.060 [main] Log - This is before test methodsg
[com.Mohs10.utility.Log.info(Log.java:23)evel] 2023-12-20 17:19:46.794 [main] Log - This is After Suite Methodsg
[com.Mohs10.utility.Log.info(Log.java:23)evel] 2023-12-20 17:23:51.411 [main] Log - This is before test methodsg
[com.Mohs10.utility.Log.info(Log.java:23)evel] 2023-12-20 17:24:21.126 [main] Log - This is After Suite Methodsg
[com.Mohs10.utility.Log.info(Log.java:23)evel] 2023-12-20 17:30:27.061 [main] Log - This is before test methodsg
[com.Mohs10.utility.Log.info(Log.java:23)evel] 2023-12-20 17:31:05.307 [main] Log - This is After Suite Methodsg
[com.Mohs10.utility.Log.info(Log.java:23)evel] 2023-12-20 17:35:39.664 [main] Log - This is before test methodsg
[com.Mohs10.utility.Log.info(Log.java:23)evel] 2023-12-20 17:35:58.917 [main] Log - This is After Suite Methodsg
[com.Mohs10.utility.Log.info(Log.java:23)evel] 2023-12-20 18:09:10.381 [main] Log - This is before test methodsg
[com.Mohs10.utility.Log.info(Log.java:23)evel] 2023-12-20 18:09:44.378 [main] Log - This is After Suite Methodsg
[com.Mohs10.utility.Log.info(Log.java:23)evel] 2023-12-20 18:10:45.149 [main] Log - This is before test methodsg
[com.Mohs10.utility.Log.info(Log.java:23)evel] 2023-12-20 18:11:22.754 [main] Log - This is After Suite Methodsg
[com.Mohs10.utility.Log.info(Log.java:23)evel] 2023-12-20 18:12:52.200 [main] Log - This is before test methodsg
[com.Mohs10.utility.Log.info(Log.java:23)evel] 2023-12-20 18:13:11.510 [main] Log - This is After Suite Methodsg
[com.Mohs10.utility.Log.info(Log.java:23)evel] 2023-12-20 18:21:32.368 [main] Log - This is before test methodsg
[com.Mohs10.utility.Log.info(Log.java:23)evel] 2023-12-20 18:21:59.648 [main] Log - This is After Suite Methodsg
[com.Mohs10.utility.Log.info(Log.java:23)evel] 2023-12-21 11:46:07.776 [main] Log - This is before test methodsg
[com.Mohs10.utility.Log.info(Log.java:23)evel] 2023-12-21 11:46:10.058 [main] Log - This is After Suite Methodsg
[com.Mohs10.utility.Log.info(Log.java:23)evel] 2023-12-21 11:46:54.722 [main] Log - This is before test methodsg
[com.Mohs10.utility.Log.info(Log.java:23)evel] 2023-12-21 11:46:56.761 [main] Log - This is After Suite Methodsg
[com.Mohs10.utility.Log.info(Log.java:23)evel] 2023-12-21 11:56:46.041 [main] Log - This is before test methodsg
[com.Mohs10.utility.Log.info(Log.java:23)evel] 2023-12-21 11:56:48.445 [main] Log - This is After Suite Methodsg
[com.Mohs10.utility.Log.info(Log.java:23)evel] 2023-12-21 12:05:43.740 [main] Log - This is before test methodsg
[com.Mohs10.utility.Log.info(Log.java:23)evel] 2023-12-21 12:05:46.158 [main] Log - This is After Suite Methodsg
[com.Mohs10.utility.Log.info(Log.java:23)evel] 2023-12-21 12:10:59.606 [main] Log - This is before test methodsg
[com.Mohs10.utility.Log.info(Log.java:23)evel] 2023-12-21 12:11:34.744 [main] Log - This is After Suite Methodsg
[com.Mohs10.utility.Log.info(Log.java:23)evel] 2023-12-21 12:51:46.649 [main] Log - This is before test methodsg
[com.Mohs10.utility.Log.info(Log.java:23)evel] 2023-12-21 12:52:23.549 [main] Log - This is After Suite Methodsg
[com.Mohs10.utility.Log.info(Log.java:23)evel] 2023-12-21 12:54:40.448 [main] Log - This is before test methodsg
[com.Mohs10.utility.Log.info(Log.java:23)evel] 2023-12-21 12:55:06.817 [main] Log - This is After Suite Methodsg
[com.Mohs10.utility.Log.info(Log.java:23)evel] 2023-12-21 12:56:31.183 [main] Log - This is before test methodsg
[com.Mohs10.utility.Log.info(Log.java:23)evel] 2023-12-21 12:56:57.531 [main] Log - This is After Suite Methodsg
[com.Mohs10.utility.Log.info(Log.java:23)evel] 2023-12-21 12:58:29.661 [main] Log - This is before test methodsg
[com.Mohs10.utility.Log.info(Log.java:23)evel] 2023-12-21 12:59:25.963 [main] Log - This is After Suite Methodsg
[com.Mohs10.utility.Log.info(Log.java:23)evel] 2023-12-21 13:02:40.916 [main] Log - This is before test methodsg
[com.Mohs10.utility.Log.info(Log.java:23)evel] 2023-12-21 13:02:41.730 [main] Log - This is After Suite Methodsg
[com.Mohs10.utility.Log.info(Log.java:23)evel] 2023-12-21 13:03:02.319 [main] Log - This is before test methodsg
[com.Mohs10.utility.Log.info(Log.java:23)evel] 2023-12-21 13:04:13.005 [main] Log - This is After Suite Methodsg
[com.Mohs10.utility.Log.info(Log.java:23)evel] 2023-12-21 13:25:15.965 [main] Log - This is before test methodsg
[com.Mohs10.utility.Log.info(Log.java:23)evel] 2023-12-21 13:25:59.910 [main] Log - This is After Suite Methodsg
[com.Mohs10.utility.Log.info(Log.java:23)evel] 2024-01-02 10:47:39.754 [main] Log - This is before test methodsg
[com.Mohs10.utility.Log.info(Log.java:23)evel] 2024-01-02 10:47:42.151 [main] Log - This is After Suite Methodsg
[com.Mohs10.utility.Log.info(Log.java:23)evel] 2024-01-02 11:17:56.264 [main] Log - This is before test methodsg
[com.Mohs10.utility.Log.info(Log.java:23)evel] 2024-01-02 11:17:58.705 [main] Log - This is After Suite Methodsg
[com.Mohs10.utility.Log.info(Log.java:23)evel] 2024-01-03 12:01:22.349 [main] Log - This is before test methodsg
[com.Mohs10.utility.Log.info(Log.java:23)evel] 2024-01-03 12:01:24.010 [main] Log - This is After Suite Methodsg
[com.Mohs10.utility.Log.info(Log.java:23)evel] 2024-01-03 12:43:28.104 [main] Log - This is before test methodsg
[com.Mohs10.utility.Log.info(Log.java:23)evel] 2024-01-03 12:44:44.762 [main] Log - This is After Suite Methodsg
[com.Mohs10.utility.Log.info(Log.java:23)evel] 2024-01-03 16:18:37.136 [main] Log - This is before test methodsg
[com.Mohs10.utility.Log.info(Log.java:23)evel] 2024-01-03 16:18:39.145 [main] Log - This is After Suite Methodsg
[com.Mohs10.utility.Log.info(Log.java:23)evel] 2024-01-03 16:21:51.717 [main] Log - This is before test methodsg
[com.Mohs10.utility.Log.info(Log.java:23)evel] 2024-01-03 16:24:33.497 [main] Log - This is After Suite Methodsg
[com.Mohs10.utility.Log.info(Log.java:23)evel] 2024-01-03 16:24:57.491 [main] Log - This is before test methodsg
[com.Mohs10.utility.Log.info(Log.java:23)evel] 2024-01-03 16:27:17.645 [main] Log - This is After Suite Methodsg
[com.Mohs10.utility.Log.info(Log.java:23)evel] 2024-01-03 16:34:38.173 [main] Log - This is before test methodsg
[com.Mohs10.utility.Log.info(Log.java:23)evel] 2024-01-03 16:36:29.157 [main] Log - This is After Suite Methodsg
[com.Mohs10.utility.Log.info(Log.java:23)evel] 2024-01-04 10:11:04.866 [main] Log - This is before test methodsg
[com.Mohs10.utility.Log.info(Log.java:23)evel] 2024-01-04 10:12:45.832 [main] Log - This is After Suite Methodsg
[com.Mohs10.utility.Log.info(Log.java:23)evel] 2024-01-04 13:11:31.872 [main] Log - This is before test methodsg
[com.Mohs10.utility.Log.info(Log.java:23)evel] 2024-01-04 13:12:20.993 [main] Log - This is After Suite Methodsg
[com.Mohs10.utility.Log.info(Log.java:23)evel] 2024-01-04 15:40:32.301 [main] Log - This is before test methodsg
[com.Mohs10.utility.Log.info(Log.java:23)evel] 2024-01-04 15:40:34.797 [main] Log - This is After Suite Methodsg
[com.Mohs10.utility.Log.info(Log.java:23)evel] 2024-01-04 15:42:18.595 [main] Log - This is before test methodsg
[com.Mohs10.utility.Log.info(Log.java:23)evel] 2024-01-04 15:42:55.992 [main] Log - This is After Suite Methodsg
[com.Mohs10.utility.Log.info(Log.java:23)evel] 2024-01-04 15:44:27.888 [main] Log - This is before test methodsg
[com.Mohs10.utility.Log.info(Log.java:23)evel] 2024-01-04 15:45:37.276 [main] Log - This is After Suite Methodsg
[com.Mohs10.utility.Log.info(Log.java:23)evel] 2024-01-04 16:01:17.978 [main] Log - This is before test methodsg
[com.Mohs10.utility.Log.info(Log.java:23)evel] 2024-01-04 16:02:29.898 [main] Log - This is After Suite Methodsg
[com.Mohs10.utility.Log.info(Log.java:23)evel] 2024-01-04 16:20:07.562 [main] Log - This is before test methodsg
[com.Mohs10.utility.Log.info(Log.java:23)evel] 2024-01-04 16:21:12.595 [main] Log - This is After Suite Methodsg
[com.Mohs10.utility.Log.info(Log.java:23)evel] 2024-01-04 16:22:37.445 [main] Log - This is before test methodsg
[com.Mohs10.utility.Log.info(Log.java:23)evel] 2024-01-04 16:23:41.655 [main] Log - This is After Suite Methodsg
[com.Mohs10.utility.Log.info(Log.java:23)evel] 2024-01-04 16:27:01.192 [main] Log - This is before test methodsg
[com.Mohs10.utility.Log.info(Log.java:23)evel] 2024-01-04 16:28:16.070 [main] Log - This is After Suite Methodsg
[com.Mohs10.utility.Log.info(Log.java:23)evel] 2024-01-04 16:46:28.717 [main] Log - This is before test methodsg
[com.Mohs10.utility.Log.info(Log.java:23)evel] 2024-01-04 16:47:33.364 [main] Log - This is After Suite Methodsg
[com.Mohs10.utility.Log.info(Log.java:23)evel] 2024-01-04 17:37:33.480 [main] Log - This is before test methodsg
[com.Mohs10.utility.Log.info(Log.java:23)evel] 2024-01-04 17:38:24.317 [main] Log - This is After Suite Methodsg
[com.Mohs10.utility.Log.info(Log.java:23)evel] 2024-01-04 18:08:50.723 [main] Log - This is before test methodsg
[com.Mohs10.utility.Log.info(Log.java:23)evel] 2024-01-04 18:09:08.093 [main] Log - This is After Suite Methodsg
[com.Mohs10.utility.Log.info(Log.java:23)evel] 2024-01-04 18:09:55.855 [main] Log - This is before test methodsg
[com.Mohs10.utility.Log.info(Log.java:23)evel] 2024-01-04 18:10:47.139 [main] Log - This is After Suite Methodsg
[com.Mohs10.utility.Log.info(Log.java:23)evel] 2024-01-04 18:13:47.664 [main] Log - This is before test methodsg
[com.Mohs10.utility.Log.info(Log.java:23)evel] 2024-01-04 18:14:43.222 [main] Log - This is After Suite Methodsg
[com.Mohs10.utility.Log.info(Log.java:23)evel] 2024-01-04 19:36:18.980 [main] Log - This is before test methodsg
[com.Mohs10.utility.Log.info(Log.java:23)evel] 2024-01-04 19:37:29.788 [main] Log - This is After Suite Methodsg
[com.Mohs10.utility.Log.info(Log.java:23)evel] 2024-01-05 11:26:40.942 [main] Log - This is before test methodsg
[com.Mohs10.utility.Log.info(Log.java:23)evel] 2024-01-05 11:27:31.350 [main] Log - This is After Suite Methodsg
[com.Mohs10.utility.Log.info(Log.java:23)evel] 2024-01-05 11:34:48.171 [main] Log - This is before test methodsg
[com.Mohs10.utility.Log.info(Log.java:23)evel] 2024-01-05 11:35:30.721 [main] Log - This is After Suite Methodsg
[com.Mohs10.utility.Log.info(Log.java:23)evel] 2024-01-05 11:47:33.220 [main] Log - This is before test methodsg
[com.Mohs10.utility.Log.info(Log.java:23)evel] 2024-01-05 11:48:31.205 [main] Log - This is After Suite Methodsg
[com.Mohs10.utility.Log.info(Log.java:23)evel] 2024-01-05 13:42:21.898 [main] Log - This is before test methodsg
[com.Mohs10.utility.Log.info(Log.java:23)evel] 2024-01-05 13:43:21.302 [main] Log - This is After Suite Methodsg
[com.Mohs10.utility.Log.info(Log.java:23)evel] 2024-01-05 13:48:46.871 [main] Log - This is before test methodsg
[com.Mohs10.utility.Log.info(Log.java:23)evel] 2024-01-05 13:48:47.995 [main] Log - This is After Suite Methodsg
[com.Mohs10.utility.Log.info(Log.java:23)evel] 2024-01-05 13:49:31.583 [main] Log - This is before test methodsg
[com.Mohs10.utility.Log.info(Log.java:23)evel] 2024-01-05 13:50:24.805 [main] Log - This is After Suite Methodsg
[com.Mohs10.utility.Log.info(Log.java:23)evel] 2024-01-05 13:57:10.743 [main] Log - This is before test methodsg
[com.Mohs10.utility.Log.info(Log.java:23)evel] 2024-01-05 13:58:09.048 [main] Log - This is After Suite Methodsg
[com.Mohs10.utility.Log.info(Log.java:23)evel] 2024-01-05 14:05:38.403 [main] Log - This is before test methodsg
[com.Mohs10.utility.Log.info(Log.java:23)evel] 2024-01-05 14:05:39.404 [main] Log - This is After Suite Methodsg
[com.Mohs10.utility.Log.info(Log.java:23)evel] 2024-01-05 14:06:28.031 [main] Log - This is before test methodsg
[com.Mohs10.utility.Log.info(Log.java:23)evel] 2024-01-05 14:07:33.032 [main] Log - This is After Suite Methodsg
[com.Mohs10.utility.Log.info(Log.java:23)evel] 2024-01-05 14:11:38.633 [main] Log - This is before test methodsg
[com.Mohs10.utility.Log.info(Log.java:23)evel] 2024-01-05 14:12:16.658 [main] Log - This is After Suite Methodsg
[com.Mohs10.utility.Log.info(Log.java:23)evel] 2024-01-05 14:15:37.486 [main] Log - This is before test methodsg
[com.Mohs10.utility.Log.info(Log.java:23)evel] 2024-01-05 14:16:20.396 [main] Log - This is After Suite Methodsg
[com.Mohs10.utility.Log.info(Log.java:23)evel] 2024-01-05 15:57:12.696 [main] Log - This is before test methodsg
[com.Mohs10.utility.Log.info(Log.java:23)evel] 2024-01-05 15:57:57.061 [main] Log - This is After Suite Methodsg
[com.Mohs10.utility.Log.info(Log.java:23)evel] 2024-01-05 16:32:18.781 [main] Log - This is before test methodsg
[com.Mohs10.utility.Log.info(Log.java:23)evel] 2024-01-05 16:33:07.076 [main] Log - This is After Suite Methodsg
[com.Mohs10.utility.Log.info(Log.java:23)evel] 2024-01-05 17:21:46.034 [main] Log - This is before test methodsg
[com.Mohs10.utility.Log.info(Log.java:23)evel] 2024-01-05 17:22:30.398 [main] Log - This is After Suite Methodsg
[com.Mohs10.utility.Log.info(Log.java:23)evel] 2024-01-05 18:01:02.852 [main] Log - This is before test methodsg
[com.Mohs10.utility.Log.info(Log.java:23)evel] 2024-01-05 18:01:45.016 [main] Log - This is After Suite Methodsg
[com.Mohs10.utility.Log.info(Log.java:23)evel] 2024-01-05 18:02:21.500 [main] Log - This is before test methodsg
[com.Mohs10.utility.Log.info(Log.java:23)evel] 2024-01-05 18:03:05.782 [main] Log - This is After Suite Methodsg
[com.Mohs10.utility.Log.info(Log.java:23)evel] 2024-01-05 18:09:53.334 [main] Log - This is before test methodsg
[com.Mohs10.utility.Log.info(Log.java:23)evel] 2024-01-05 18:10:32.146 [main] Log - This is After Suite Methodsg
[com.Mohs10.utility.Log.info(Log.java:23)evel] 2024-01-05 18:16:28.640 [main] Log - This is before test methodsg
[com.Mohs10.utility.Log.info(Log.java:23)evel] 2024-01-05 18:17:25.140 [main] Log - This is After Suite Methodsg
[com.Mohs10.utility.Log.info(Log.java:23)evel] 2024-01-05 18:26:36.024 [main] Log - This is before test methodsg
[com.Mohs10.utility.Log.info(Log.java:23)evel] 2024-01-05 18:27:39.487 [main] Log - This is After Suite Methodsg
[com.Mohs10.utility.Log.info(Log.java:23)evel] 2024-01-05 18:31:27.287 [main] Log - This is before test methodsg
[com.Mohs10.utility.Log.info(Log.java:23)evel] 2024-01-05 18:32:31.557 [main] Log - This is After Suite Methodsg
[com.Mohs10.utility.Log.info(Log.java:23)evel] 2024-01-08 12:28:29.046 [main] Log - This is before test methodsg
[com.Mohs10.utility.Log.info(Log.java:23)evel] 2024-01-08 12:29:31.147 [main] Log - This is After Suite Methodsg
[com.Mohs10.utility.Log.info(Log.java:23)evel] 2024-01-08 14:31:45.616 [main] Log - This is before test methodsg
[com.Mohs10.utility.Log.info(Log.java:23)evel] 2024-01-08 14:32:45.344 [main] Log - This is After Suite Methodsg
[com.Mohs10.utility.Log.info(Log.java:23)evel] 2024-01-08 16:15:48.343 [main] Log - This is before test methodsg
[com.Mohs10.utility.Log.info(Log.java:23)evel] 2024-01-08 16:16:46.766 [main] Log - This is After Suite Methodsg
[com.Mohs10.utility.Log.info(Log.java:23)evel] 2024-01-16 15:41:36.984 [main] Log - This is before test methodsg
[com.Mohs10.utility.Log.info(Log.java:23)evel] 2024-01-16 15:42:27.334 [main] Log - This is After Suite Methodsg
[com.Mohs10.utility.Log.info(Log.java:23)evel] 2024-01-16 15:43:42.036 [main] Log - This is before test methodsg
[com.Mohs10.utility.Log.info(Log.java:23)evel] 2024-01-16 15:44:27.721 [main] Log - This is After Suite Methodsg
[com.Mohs10.utility.Log.info(Log.java:23)evel] 2024-01-17 11:23:54.191 [main] Log - This is before test methodsg
[com.Mohs10.utility.Log.info(Log.java:23)evel] 2024-01-17 11:24:27.991 [main] Log - This is After Suite Methodsg
[com.Mohs10.utility.Log.info(Log.java:23)evel] 2024-01-17 11:28:46.032 [main] Log - This is before test methodsg
[com.Mohs10.utility.Log.info(Log.java:23)evel] 2024-01-17 11:29:20.005 [main] Log - This is After Suite Methodsg
[com.Mohs10.utility.Log.info(Log.java:23)evel] 2024-01-22 19:41:42.546 [main] Log - This is before test methodsg
[com.Mohs10.utility.Log.info(Log.java:23)evel] 2024-01-22 19:42:40.749 [main] Log - This is After Suite Methodsg
[com.Mohs10.utility.Log.info(Log.java:23)evel] 2024-01-23 11:00:39.791 [main] Log - This is before test methodsg
[com.Mohs10.utility.Log.info(Log.java:23)evel] 2024-01-23 11:02:50.739 [main] Log - This is After Suite Methodsg
[com.Mohs10.utility.Log.info(Log.java:23)evel] 2024-01-23 11:16:51.347 [main] Log - This is before test methodsg
[com.Mohs10.utility.Log.info(Log.java:23)evel] 2024-01-23 11:18:24.372 [main] Log - This is After Suite Methodsg
[com.Mohs10.utility.Log.info(Log.java:23)evel] 2024-01-23 11:23:12.557 [main] Log - This is before test methodsg
[com.Mohs10.utility.Log.info(Log.java:23)evel] 2024-01-23 11:25:18.492 [main] Log - This is After Suite Methodsg
[com.Mohs10.utility.Log.info(Log.java:23)evel] 2024-01-23 11:28:50.709 [main] Log - This is before test methodsg
[com.Mohs10.utility.Log.info(Log.java:23)evel] 2024-01-23 11:30:00.629 [main] Log - This is After Suite Methodsg
[com.Mohs10.utility.Log.info(Log.java:23)evel] 2024-01-23 11:52:41.796 [main] Log - This is before test methodsg
[com.Mohs10.utility.Log.info(Log.java:23)evel] 2024-01-23 11:54:00.529 [main] Log - This is After Suite Methodsg
[com.Mohs10.utility.Log.info(Log.java:23)evel] 2024-01-23 12:18:57.979 [main] Log - This is before test methodsg
[com.Mohs10.utility.Log.info(Log.java:23)evel] 2024-01-23 12:20:03.637 [main] Log - This is After Suite Methodsg
[com.Mohs10.utility.Log.info(Log.java:23)evel] 2024-01-23 12:24:28.925 [main] Log - This is before test methodsg
[com.Mohs10.utility.Log.info(Log.java:23)evel] 2024-01-23 12:25:32.434 [main] Log - This is After Suite Methodsg
[com.Mohs10.utility.Log.info(Log.java:23)evel] 2024-01-23 12:44:10.996 [main] Log - This is before test methodsg
[com.Mohs10.utility.Log.info(Log.java:23)evel] 2024-01-23 12:45:47.653 [main] Log - This is After Suite Methodsg
[com.Mohs10.utility.Log.info(Log.java:23)evel] 2024-01-23 12:50:20.172 [main] Log - This is before test methodsg
[com.Mohs10.utility.Log.info(Log.java:23)evel] 2024-01-23 12:52:14.284 [main] Log - This is After Suite Methodsg
[com.Mohs10.utility.Log.info(Log.java:23)evel] 2024-01-23 13:00:21.747 [main] Log - This is before test methodsg
[com.Mohs10.utility.Log.info(Log.java:23)evel] 2024-01-23 13:01:43.447 [main] Log - This is After Suite Methodsg
[com.Mohs10.utility.Log.info(Log.java:23)evel] 2024-01-23 13:04:45.631 [main] Log - This is before test methodsg
[com.Mohs10.utility.Log.info(Log.java:23)evel] 2024-01-23 13:05:36.173 [main] Log - This is After Suite Methodsg
[com.Mohs10.utility.Log.info(Log.java:23)evel] 2024-01-23 13:09:17.530 [main] Log - This is before test methodsg
[com.Mohs10.utility.Log.info(Log.java:23)evel] 2024-01-23 13:10:04.089 [main] Log - This is After Suite Methodsg
[com.Mohs10.utility.Log.info(Log.java:23)evel] 2024-01-23 13:14:05.488 [main] Log - This is before test methodsg
[com.Mohs10.utility.Log.info(Log.java:23)evel] 2024-01-23 13:15:32.725 [main] Log - This is After Suite Methodsg
[com.Mohs10.utility.Log.info(Log.java:23)evel] 2024-01-23 13:20:51.014 [main] Log - This is before test methodsg
[com.Mohs10.utility.Log.info(Log.java:23)evel] 2024-01-23 13:22:34.177 [main] Log - This is After Suite Methodsg
[com.Mohs10.utility.Log.info(Log.java:23)evel] 2024-01-23 15:28:51.692 [main] Log - This is before test methodsg
[com.Mohs10.utility.Log.info(Log.java:23)evel] 2024-01-23 15:29:59.818 [main] Log - This is After Suite Methodsg
[com.Mohs10.utility.Log.info(Log.java:23)evel] 2024-01-23 15:40:25.016 [main] Log - This is before test methodsg
[com.Mohs10.utility.Log.info(Log.java:23)evel] 2024-01-23 15:41:13.281 [main] Log - This is After Suite Methodsg
[com.Mohs10.utility.Log.info(Log.java:23)evel] 2024-01-23 15:56:49.556 [main] Log - This is before test methodsg
[com.Mohs10.utility.Log.info(Log.java:23)evel] 2024-01-23 15:59:16.082 [main] Log - This is After Suite Methodsg
[com.Mohs10.utility.Log.info(Log.java:23)evel] 2024-01-23 16:47:19.147 [main] Log - This is before test methodsg
[com.Mohs10.utility.Log.info(Log.java:23)evel] 2024-01-23 16:48:18.142 [main] Log - This is After Suite Methodsg
[com.Mohs10.utility.Log.info(Log.java:23)evel] 2024-01-23 16:51:34.036 [main] Log - This is before test methodsg
[com.Mohs10.utility.Log.info(Log.java:23)evel] 2024-01-23 16:52:34.497 [main] Log - This is After Suite Methodsg
[com.Mohs10.utility.Log.info(Log.java:23)evel] 2024-01-23 16:56:01.789 [main] Log - This is before test methodsg
[com.Mohs10.utility.Log.info(Log.java:23)evel] 2024-01-23 16:58:14.644 [main] Log - This is After Suite Methodsg
[com.Mohs10.utility.Log.info(Log.java:23)evel] 2024-01-23 21:55:10.119 [main] Log - This is before test methodsg
[com.Mohs10.utility.Log.info(Log.java:23)evel] 2024-01-23 21:55:57.085 [main] Log - This is After Suite Methodsg
[com.Mohs10.utility.Log.info(Log.java:23)evel] 2024-01-23 22:04:56.607 [main] Log - This is before test methodsg
[com.Mohs10.utility.Log.info(Log.java:23)evel] 2024-01-23 22:05:37.787 [main] Log - This is After Suite Methodsg
[com.Mohs10.utility.Log.info(Log.java:23)evel] 2024-01-23 22:09:24.148 [main] Log - This is before test methodsg
[com.Mohs10.utility.Log.info(Log.java:23)evel] 2024-01-23 22:09:59.946 [main] Log - This is After Suite Methodsg
[com.Mohs10.utility.Log.info(Log.java:23)evel] 2024-01-23 22:12:50.365 [main] Log - This is before test methodsg
[com.Mohs10.utility.Log.info(Log.java:23)evel] 2024-01-23 22:13:36.093 [main] Log - This is After Suite Methodsg
[com.Mohs10.utility.Log.info(Log.java:23)evel] 2024-01-23 22:14:22.949 [main] Log - This is before test methodsg
[com.Mohs10.utility.Log.info(Log.java:23)evel] 2024-01-23 22:15:14.910 [main] Log - This is After Suite Methodsg
[com.Mohs10.utility.Log.info(Log.java:23)evel] 2024-01-23 22:53:20.841 [main] Log - This is before test methodsg
[com.Mohs10.utility.Log.info(Log.java:23)evel] 2024-01-23 22:53:59.423 [main] Log - This is After Suite Methodsg
[com.Mohs10.utility.Log.info(Log.java:23)evel] 2024-01-23 22:56:01.588 [main] Log - This is before test methodsg
[com.Mohs10.utility.Log.info(Log.java:23)evel] 2024-01-23 22:59:06.045 [main] Log - This is After Suite Methodsg
[com.Mohs10.utility.Log.info(Log.java:23)evel] 2024-01-23 23:05:59.367 [main] Log - This is before test methodsg
[com.Mohs10.utility.Log.info(Log.java:23)evel] 2024-01-23 23:06:53.357 [main] Log - This is After Suite Methodsg
[com.Mohs10.utility.Log.info(Log.java:23)evel] 2024-01-23 23:09:19.994 [main] Log - This is before test methodsg
[com.Mohs10.utility.Log.info(Log.java:23)evel] 2024-01-23 23:10:08.567 [main] Log - This is After Suite Methodsg
[com.Mohs10.utility.Log.info(Log.java:23)evel] 2024-01-23 23:10:57.763 [main] Log - This is before test methodsg
[com.Mohs10.utility.Log.info(Log.java:23)evel] 2024-01-23 23:11:46.972 [main] Log - This is After Suite Methodsg
[com.Mohs10.utility.Log.info(Log.java:23)evel] 2024-01-23 23:13:58.699 [main] Log - This is before test methodsg
[com.Mohs10.utility.Log.info(Log.java:23)evel] 2024-01-23 23:14:50.948 [main] Log - This is After Suite Methodsg
[com.Mohs10.utility.Log.info(Log.java:23)evel] 2024-01-23 23:50:52.937 [main] Log - This is before test methodsg
[com.Mohs10.utility.Log.info(Log.java:23)evel] 2024-01-23 23:51:56.661 [main] Log - This is After Suite Methodsg
[com.Mohs10.utility.Log.info(Log.java:23)evel] 2024-01-24 00:09:01.193 [main] Log - This is before test methodsg
[com.Mohs10.utility.Log.info(Log.java:23)evel] 2024-01-24 00:10:05.556 [main] Log - This is After Suite Methodsg
[com.Mohs10.utility.Log.info(Log.java:23)evel] 2024-01-24 00:12:31.868 [main] Log - This is before test methodsg
[com.Mohs10.utility.Log.info(Log.java:23)evel] 2024-01-24 00:13:31.597 [main] Log - This is After Suite Methodsg
[com.Mohs10.utility.Log.info(Log.java:23)evel] 2024-01-24 00:15:53.041 [main] Log - This is before test methodsg
[com.Mohs10.utility.Log.info(Log.java:23)evel] 2024-01-24 00:17:07.139 [main] Log - This is After Suite Methodsg
[com.Mohs10.utility.Log.info(Log.java:23)evel] 2024-01-24 00:18:31.491 [main] Log - This is before test methodsg
[com.Mohs10.utility.Log.info(Log.java:23)evel] 2024-01-24 00:19:43.820 [main] Log - This is After Suite Methodsg
[com.Mohs10.utility.Log.info(Log.java:23)evel] 2024-01-24 00:24:49.434 [main] Log - This is before test methodsg
[com.Mohs10.utility.Log.info(Log.java:23)evel] 2024-01-24 00:25:25.272 [main] Log - This is After Suite Methodsg
[com.Mohs10.utility.Log.info(Log.java:23)evel] 2024-01-24 09:59:39.978 [main] Log - This is before test methodsg
[com.Mohs10.utility.Log.info(Log.java:23)evel] 2024-01-24 10:00:45.967 [main] Log - This is After Suite Methodsg
[com.Mohs10.utility.Log.info(Log.java:23)evel] 2024-01-24 10:02:58.954 [main] Log - This is before test methodsg
[com.Mohs10.utility.Log.info(Log.java:23)evel] 2024-01-24 10:04:28.534 [main] Log - This is After Suite Methodsg
[com.Mohs10.utility.Log.info(Log.java:23)evel] 2024-01-24 10:12:31.735 [main] Log - This is before test methodsg
[com.Mohs10.utility.Log.info(Log.java:23)evel] 2024-01-24 10:13:59.199 [main] Log - This is After Suite Methodsg
[com.Mohs10.utility.Log.info(Log.java:23)evel] 2024-01-24 10:18:51.162 [main] Log - This is before test methodsg
[com.Mohs10.utility.Log.info(Log.java:23)evel] 2024-01-24 10:20:04.589 [main] Log - This is After Suite Methodsg
[com.Mohs10.utility.Log.info(Log.java:23)evel] 2024-01-24 10:27:23.798 [main] Log - This is before test methodsg
[com.Mohs10.utility.Log.info(Log.java:23)evel] 2024-01-24 10:28:33.879 [main] Log - This is After Suite Methodsg
[com.Mohs10.utility.Log.info(Log.java:23)evel] 2024-01-24 10:34:33.890 [main] Log - This is before test methodsg
[com.Mohs10.utility.Log.info(Log.java:23)evel] 2024-01-24 10:35:43.021 [main] Log - This is After Suite Methodsg
[com.Mohs10.utility.Log.info(Log.java:23)evel] 2024-01-24 10:45:31.989 [main] Log - This is before test methodsg
[com.Mohs10.utility.Log.info(Log.java:23)evel] 2024-01-24 10:46:39.727 [main] Log - This is After Suite Methodsg
[com.Mohs10.utility.Log.info(Log.java:23)evel] 2024-01-24 11:33:45.367 [main] Log - This is before test methodsg
[com.Mohs10.utility.Log.info(Log.java:23)evel] 2024-01-24 11:34:53.691 [main] Log - This is After Suite Methodsg
[com.Mohs10.utility.Log.info(Log.java:23)evel] 2024-01-24 11:42:09.482 [main] Log - This is before test methodsg
[com.Mohs10.utility.Log.info(Log.java:23)evel] 2024-01-24 11:44:59.221 [main] Log - This is After Suite Methodsg
[com.Mohs10.utility.Log.info(Log.java:23)evel] 2024-01-24 11:50:39.167 [main] Log - This is before test methodsg
[com.Mohs10.utility.Log.info(Log.java:23)evel] 2024-01-24 11:53:48.436 [main] Log - This is After Suite Methodsg
[com.Mohs10.utility.Log.info(Log.java:23)evel] 2024-01-24 11:57:35.393 [main] Log - This is before test methodsg
[com.Mohs10.utility.Log.info(Log.java:23)evel] 2024-01-24 11:58:56.195 [main] Log - This is After Suite Methodsg
[com.Mohs10.utility.Log.info(Log.java:23)evel] 2024-01-24 12:06:11.659 [main] Log - This is before test methodsg
[com.Mohs10.utility.Log.info(Log.java:23)evel] 2024-01-24 12:07:34.864 [main] Log - This is After Suite Methodsg
[com.Mohs10.utility.Log.info(Log.java:23)evel] 2024-01-24 12:26:15.172 [main] Log - This is before test methodsg
[com.Mohs10.utility.Log.info(Log.java:23)evel] 2024-01-24 12:27:26.928 [main] Log - This is After Suite Methodsg
[com.Mohs10.utility.Log.info(Log.java:23)evel] 2024-01-24 12:30:37.427 [main] Log - This is before test methodsg
[com.Mohs10.utility.Log.info(Log.java:23)evel] 2024-01-24 12:33:53.145 [main] Log - This is After Suite Methodsg
[com.Mohs10.utility.Log.info(Log.java:23)evel] 2024-01-24 12:41:23.093 [main] Log - This is before test methodsg
[com.Mohs10.utility.Log.info(Log.java:23)evel] 2024-01-24 12:42:21.811 [main] Log - This is After Suite Methodsg
[com.Mohs10.utility.Log.info(Log.java:23)evel] 2024-01-24 12:55:32.913 [main] Log - This is before test methodsg
[com.Mohs10.utility.Log.info(Log.java:23)evel] 2024-01-24 12:56:20.565 [main] Log - This is After Suite Methodsg
[com.Mohs10.utility.Log.info(Log.java:23)evel] 2024-01-24 12:57:49.231 [main] Log - This is before test methodsg
[com.Mohs10.utility.Log.info(Log.java:23)evel] 2024-01-24 12:58:51.703 [main] Log - This is After Suite Methodsg
[com.Mohs10.utility.Log.info(Log.java:23)evel] 2024-01-24 13:01:52.192 [main] Log - This is before test methodsg
[com.Mohs10.utility.Log.info(Log.java:23)evel] 2024-01-24 13:02:29.959 [main] Log - This is After Suite Methodsg
[com.Mohs10.utility.Log.info(Log.java:23)evel] 2024-01-24 13:03:07.262 [main] Log - This is before test methodsg
[com.Mohs10.utility.Log.info(Log.java:23)evel] 2024-01-24 13:04:11.287 [main] Log - This is After Suite Methodsg
